<?xml version="1.0" encoding="UTF-8"?>
<testsuite xmlns:xsi="http://www.w3.org/2001/XMLSchema-instance" xsi:noNamespaceSchemaLocation="https://maven.apache.org/surefire/maven-surefire-plugin/xsd/surefire-test-report-3.0.xsd" version="3.0" name="edu.cs489.adssysem.AdssysemApplicationTests" time="2.702" tests="1" errors="0" skipped="0" failures="0">
  <properties>
    <property name="java.specification.version" value="21"/>
    <property name="sun.jnu.encoding" value="UTF-8"/>
    <property name="java.class.path" value="/Users/khunsoemoeaung/Documents/02_MIU/CS-489 Applied Software Development/CS-489-appsd/Lab 10/target/test-classes:/Users/khunsoemoeaung/Documents/02_MIU/CS-489 Applied Software Development/CS-489-appsd/Lab 10/target/classes:/Users/khunsoemoeaung/.m2/repository/org/springframework/boot/spring-boot-starter-data-jpa/3.3.0-SNAPSHOT/spring-boot-starter-data-jpa-3.3.0-SNAPSHOT.jar:/Users/khunsoemoeaung/.m2/repository/org/springframework/boot/spring-boot-starter-aop/3.3.0-SNAPSHOT/spring-boot-starter-aop-3.3.0-SNAPSHOT.jar:/Users/khunsoemoeaung/.m2/repository/org/springframework/spring-aop/6.1.6/spring-aop-6.1.6.jar:/Users/khunsoemoeaung/.m2/repository/org/aspectj/aspectjweaver/1.9.22/aspectjweaver-1.9.22.jar:/Users/khunsoemoeaung/.m2/repository/org/springframework/boot/spring-boot-starter-jdbc/3.3.0-SNAPSHOT/spring-boot-starter-jdbc-3.3.0-SNAPSHOT.jar:/Users/khunsoemoeaung/.m2/repository/com/zaxxer/HikariCP/5.1.0/HikariCP-5.1.0.jar:/Users/khunsoemoeaung/.m2/repository/org/springframework/spring-jdbc/6.1.6/spring-jdbc-6.1.6.jar:/Users/khunsoemoeaung/.m2/repository/org/hibernate/orm/hibernate-core/6.5.0.CR2/hibernate-core-6.5.0.CR2.jar:/Users/khunsoemoeaung/.m2/repository/jakarta/persistence/jakarta.persistence-api/3.1.0/jakarta.persistence-api-3.1.0.jar:/Users/khunsoemoeaung/.m2/repository/jakarta/transaction/jakarta.transaction-api/2.0.1/jakarta.transaction-api-2.0.1.jar:/Users/khunsoemoeaung/.m2/repository/org/jboss/logging/jboss-logging/3.5.3.Final/jboss-logging-3.5.3.Final.jar:/Users/khunsoemoeaung/.m2/repository/org/hibernate/common/hibernate-commons-annotations/6.0.6.Final/hibernate-commons-annotations-6.0.6.Final.jar:/Users/khunsoemoeaung/.m2/repository/io/smallrye/jandex/3.1.2/jandex-3.1.2.jar:/Users/khunsoemoeaung/.m2/repository/com/fasterxml/classmate/1.7.0/classmate-1.7.0.jar:/Users/khunsoemoeaung/.m2/repository/net/bytebuddy/byte-buddy/1.14.13/byte-buddy-1.14.13.jar:/Users/khunsoemoeaung/.m2/repository/org/glassfish/jaxb/jaxb-runtime/4.0.5/jaxb-runtime-4.0.5.jar:/Users/khunsoemoeaung/.m2/repository/org/glassfish/jaxb/jaxb-core/4.0.5/jaxb-core-4.0.5.jar:/Users/khunsoemoeaung/.m2/repository/org/eclipse/angus/angus-activation/2.0.2/angus-activation-2.0.2.jar:/Users/khunsoemoeaung/.m2/repository/org/glassfish/jaxb/txw2/4.0.5/txw2-4.0.5.jar:/Users/khunsoemoeaung/.m2/repository/com/sun/istack/istack-commons-runtime/4.1.2/istack-commons-runtime-4.1.2.jar:/Users/khunsoemoeaung/.m2/repository/jakarta/inject/jakarta.inject-api/2.0.1/jakarta.inject-api-2.0.1.jar:/Users/khunsoemoeaung/.m2/repository/org/antlr/antlr4-runtime/4.13.0/antlr4-runtime-4.13.0.jar:/Users/khunsoemoeaung/.m2/repository/org/springframework/data/spring-data-jpa/3.3.0-RC1/spring-data-jpa-3.3.0-RC1.jar:/Users/khunsoemoeaung/.m2/repository/org/springframework/data/spring-data-commons/3.3.0-RC1/spring-data-commons-3.3.0-RC1.jar:/Users/khunsoemoeaung/.m2/repository/org/springframework/spring-orm/6.1.6/spring-orm-6.1.6.jar:/Users/khunsoemoeaung/.m2/repository/org/springframework/spring-context/6.1.6/spring-context-6.1.6.jar:/Users/khunsoemoeaung/.m2/repository/org/springframework/spring-tx/6.1.6/spring-tx-6.1.6.jar:/Users/khunsoemoeaung/.m2/repository/org/springframework/spring-beans/6.1.6/spring-beans-6.1.6.jar:/Users/khunsoemoeaung/.m2/repository/jakarta/annotation/jakarta.annotation-api/2.1.1/jakarta.annotation-api-2.1.1.jar:/Users/khunsoemoeaung/.m2/repository/org/slf4j/slf4j-api/2.0.13/slf4j-api-2.0.13.jar:/Users/khunsoemoeaung/.m2/repository/org/springframework/spring-aspects/6.1.6/spring-aspects-6.1.6.jar:/Users/khunsoemoeaung/.m2/repository/org/springframework/boot/spring-boot-starter-validation/3.3.0-SNAPSHOT/spring-boot-starter-validation-3.3.0-SNAPSHOT.jar:/Users/khunsoemoeaung/.m2/repository/org/springframework/boot/spring-boot-starter/3.3.0-SNAPSHOT/spring-boot-starter-3.3.0-SNAPSHOT.jar:/Users/khunsoemoeaung/.m2/repository/org/springframework/boot/spring-boot-starter-logging/3.3.0-SNAPSHOT/spring-boot-starter-logging-3.3.0-SNAPSHOT.jar:/Users/khunsoemoeaung/.m2/repository/ch/qos/logback/logback-classic/1.5.6/logback-classic-1.5.6.jar:/Users/khunsoemoeaung/.m2/repository/ch/qos/logback/logback-core/1.5.6/logback-core-1.5.6.jar:/Users/khunsoemoeaung/.m2/repository/org/apache/logging/log4j/log4j-to-slf4j/2.23.1/log4j-to-slf4j-2.23.1.jar:/Users/khunsoemoeaung/.m2/repository/org/apache/logging/log4j/log4j-api/2.23.1/log4j-api-2.23.1.jar:/Users/khunsoemoeaung/.m2/repository/org/slf4j/jul-to-slf4j/2.0.13/jul-to-slf4j-2.0.13.jar:/Users/khunsoemoeaung/.m2/repository/org/yaml/snakeyaml/2.2/snakeyaml-2.2.jar:/Users/khunsoemoeaung/.m2/repository/org/apache/tomcat/embed/tomcat-embed-el/10.1.20/tomcat-embed-el-10.1.20.jar:/Users/khunsoemoeaung/.m2/repository/org/hibernate/validator/hibernate-validator/8.0.1.Final/hibernate-validator-8.0.1.Final.jar:/Users/khunsoemoeaung/.m2/repository/jakarta/validation/jakarta.validation-api/3.0.2/jakarta.validation-api-3.0.2.jar:/Users/khunsoemoeaung/.m2/repository/org/springframework/boot/spring-boot-starter-web/3.3.0-SNAPSHOT/spring-boot-starter-web-3.3.0-SNAPSHOT.jar:/Users/khunsoemoeaung/.m2/repository/org/springframework/boot/spring-boot-starter-json/3.3.0-SNAPSHOT/spring-boot-starter-json-3.3.0-SNAPSHOT.jar:/Users/khunsoemoeaung/.m2/repository/com/fasterxml/jackson/core/jackson-databind/2.17.0/jackson-databind-2.17.0.jar:/Users/khunsoemoeaung/.m2/repository/com/fasterxml/jackson/core/jackson-annotations/2.17.0/jackson-annotations-2.17.0.jar:/Users/khunsoemoeaung/.m2/repository/com/fasterxml/jackson/core/jackson-core/2.17.0/jackson-core-2.17.0.jar:/Users/khunsoemoeaung/.m2/repository/com/fasterxml/jackson/datatype/jackson-datatype-jdk8/2.17.0/jackson-datatype-jdk8-2.17.0.jar:/Users/khunsoemoeaung/.m2/repository/com/fasterxml/jackson/datatype/jackson-datatype-jsr310/2.17.0/jackson-datatype-jsr310-2.17.0.jar:/Users/khunsoemoeaung/.m2/repository/com/fasterxml/jackson/module/jackson-module-parameter-names/2.17.0/jackson-module-parameter-names-2.17.0.jar:/Users/khunsoemoeaung/.m2/repository/org/springframework/boot/spring-boot-starter-tomcat/3.3.0-SNAPSHOT/spring-boot-starter-tomcat-3.3.0-SNAPSHOT.jar:/Users/khunsoemoeaung/.m2/repository/org/apache/tomcat/embed/tomcat-embed-core/10.1.20/tomcat-embed-core-10.1.20.jar:/Users/khunsoemoeaung/.m2/repository/org/apache/tomcat/embed/tomcat-embed-websocket/10.1.20/tomcat-embed-websocket-10.1.20.jar:/Users/khunsoemoeaung/.m2/repository/org/springframework/spring-web/6.1.6/spring-web-6.1.6.jar:/Users/khunsoemoeaung/.m2/repository/io/micrometer/micrometer-observation/1.13.0-RC1/micrometer-observation-1.13.0-RC1.jar:/Users/khunsoemoeaung/.m2/repository/io/micrometer/micrometer-commons/1.13.0-RC1/micrometer-commons-1.13.0-RC1.jar:/Users/khunsoemoeaung/.m2/repository/org/springframework/spring-webmvc/6.1.6/spring-webmvc-6.1.6.jar:/Users/khunsoemoeaung/.m2/repository/org/springframework/spring-expression/6.1.6/spring-expression-6.1.6.jar:/Users/khunsoemoeaung/.m2/repository/org/springframework/boot/spring-boot-devtools/3.3.0-SNAPSHOT/spring-boot-devtools-3.3.0-SNAPSHOT.jar:/Users/khunsoemoeaung/.m2/repository/org/springframework/boot/spring-boot/3.3.0-SNAPSHOT/spring-boot-3.3.0-SNAPSHOT.jar:/Users/khunsoemoeaung/.m2/repository/org/springframework/boot/spring-boot-autoconfigure/3.3.0-SNAPSHOT/spring-boot-autoconfigure-3.3.0-SNAPSHOT.jar:/Users/khunsoemoeaung/.m2/repository/com/mysql/mysql-connector-j/8.3.0/mysql-connector-j-8.3.0.jar:/Users/khunsoemoeaung/.m2/repository/org/projectlombok/lombok/1.18.32/lombok-1.18.32.jar:/Users/khunsoemoeaung/.m2/repository/org/springframework/boot/spring-boot-starter-test/3.3.0-SNAPSHOT/spring-boot-starter-test-3.3.0-SNAPSHOT.jar:/Users/khunsoemoeaung/.m2/repository/org/springframework/boot/spring-boot-test/3.3.0-SNAPSHOT/spring-boot-test-3.3.0-SNAPSHOT.jar:/Users/khunsoemoeaung/.m2/repository/org/springframework/boot/spring-boot-test-autoconfigure/3.3.0-SNAPSHOT/spring-boot-test-autoconfigure-3.3.0-SNAPSHOT.jar:/Users/khunsoemoeaung/.m2/repository/com/jayway/jsonpath/json-path/2.9.0/json-path-2.9.0.jar:/Users/khunsoemoeaung/.m2/repository/jakarta/xml/bind/jakarta.xml.bind-api/4.0.2/jakarta.xml.bind-api-4.0.2.jar:/Users/khunsoemoeaung/.m2/repository/jakarta/activation/jakarta.activation-api/2.1.3/jakarta.activation-api-2.1.3.jar:/Users/khunsoemoeaung/.m2/repository/net/minidev/json-smart/2.5.1/json-smart-2.5.1.jar:/Users/khunsoemoeaung/.m2/repository/net/minidev/accessors-smart/2.5.1/accessors-smart-2.5.1.jar:/Users/khunsoemoeaung/.m2/repository/org/ow2/asm/asm/9.6/asm-9.6.jar:/Users/khunsoemoeaung/.m2/repository/org/assertj/assertj-core/3.25.3/assertj-core-3.25.3.jar:/Users/khunsoemoeaung/.m2/repository/org/awaitility/awaitility/4.2.1/awaitility-4.2.1.jar:/Users/khunsoemoeaung/.m2/repository/org/hamcrest/hamcrest/2.2/hamcrest-2.2.jar:/Users/khunsoemoeaung/.m2/repository/org/junit/jupiter/junit-jupiter/5.10.2/junit-jupiter-5.10.2.jar:/Users/khunsoemoeaung/.m2/repository/org/junit/jupiter/junit-jupiter-api/5.10.2/junit-jupiter-api-5.10.2.jar:/Users/khunsoemoeaung/.m2/repository/org/opentest4j/opentest4j/1.3.0/opentest4j-1.3.0.jar:/Users/khunsoemoeaung/.m2/repository/org/junit/platform/junit-platform-commons/1.10.2/junit-platform-commons-1.10.2.jar:/Users/khunsoemoeaung/.m2/repository/org/apiguardian/apiguardian-api/1.1.2/apiguardian-api-1.1.2.jar:/Users/khunsoemoeaung/.m2/repository/org/junit/jupiter/junit-jupiter-params/5.10.2/junit-jupiter-params-5.10.2.jar:/Users/khunsoemoeaung/.m2/repository/org/junit/jupiter/junit-jupiter-engine/5.10.2/junit-jupiter-engine-5.10.2.jar:/Users/khunsoemoeaung/.m2/repository/org/junit/platform/junit-platform-engine/1.10.2/junit-platform-engine-1.10.2.jar:/Users/khunsoemoeaung/.m2/repository/org/mockito/mockito-core/5.11.0/mockito-core-5.11.0.jar:/Users/khunsoemoeaung/.m2/repository/net/bytebuddy/byte-buddy-agent/1.14.13/byte-buddy-agent-1.14.13.jar:/Users/khunsoemoeaung/.m2/repository/org/objenesis/objenesis/3.3/objenesis-3.3.jar:/Users/khunsoemoeaung/.m2/repository/org/mockito/mockito-junit-jupiter/5.11.0/mockito-junit-jupiter-5.11.0.jar:/Users/khunsoemoeaung/.m2/repository/org/skyscreamer/jsonassert/1.5.1/jsonassert-1.5.1.jar:/Users/khunsoemoeaung/.m2/repository/com/vaadin/external/google/android-json/0.0.20131108.vaadin1/android-json-0.0.20131108.vaadin1.jar:/Users/khunsoemoeaung/.m2/repository/org/springframework/spring-core/6.1.6/spring-core-6.1.6.jar:/Users/khunsoemoeaung/.m2/repository/org/springframework/spring-jcl/6.1.6/spring-jcl-6.1.6.jar:/Users/khunsoemoeaung/.m2/repository/org/springframework/spring-test/6.1.6/spring-test-6.1.6.jar:/Users/khunsoemoeaung/.m2/repository/org/xmlunit/xmlunit-core/2.9.1/xmlunit-core-2.9.1.jar:"/>
    <property name="java.vm.vendor" value="Homebrew"/>
    <property name="sun.arch.data.model" value="64"/>
    <property name="java.vendor.url" value="https://github.com/Homebrew/homebrew-core/issues"/>
    <property name="user.timezone" value="America/Chicago"/>
    <property name="org.jboss.logging.provider" value="slf4j"/>
    <property name="os.name" value="Mac OS X"/>
    <property name="java.vm.specification.version" value="21"/>
    <property name="sun.java.launcher" value="SUN_STANDARD"/>
    <property name="user.country" value="US"/>
    <property name="sun.boot.library.path" value="/opt/homebrew/Cellar/openjdk/21.0.2/libexec/openjdk.jdk/Contents/Home/lib"/>
    <property name="sun.java.command" value="/Users/khunsoemoeaung/Documents/02_MIU/CS-489 Applied Software Development/CS-489-appsd/Lab 10/target/surefire/surefirebooter-20240418134506525_3.jar /Users/khunsoemoeaung/Documents/02_MIU/CS-489 Applied Software Development/CS-489-appsd/Lab 10/target/surefire 2024-04-18T13-45-06_472-jvmRun1 surefire-20240418134506525_1tmp surefire_0-20240418134506525_2tmp"/>
    <property name="http.nonProxyHosts" value="local|*.local|169.254/16|*.169.254/16"/>
    <property name="jdk.debug" value="release"/>
    <property name="surefire.test.class.path" value="/Users/khunsoemoeaung/Documents/02_MIU/CS-489 Applied Software Development/CS-489-appsd/Lab 10/target/test-classes:/Users/khunsoemoeaung/Documents/02_MIU/CS-489 Applied Software Development/CS-489-appsd/Lab 10/target/classes:/Users/khunsoemoeaung/.m2/repository/org/springframework/boot/spring-boot-starter-data-jpa/3.3.0-SNAPSHOT/spring-boot-starter-data-jpa-3.3.0-SNAPSHOT.jar:/Users/khunsoemoeaung/.m2/repository/org/springframework/boot/spring-boot-starter-aop/3.3.0-SNAPSHOT/spring-boot-starter-aop-3.3.0-SNAPSHOT.jar:/Users/khunsoemoeaung/.m2/repository/org/springframework/spring-aop/6.1.6/spring-aop-6.1.6.jar:/Users/khunsoemoeaung/.m2/repository/org/aspectj/aspectjweaver/1.9.22/aspectjweaver-1.9.22.jar:/Users/khunsoemoeaung/.m2/repository/org/springframework/boot/spring-boot-starter-jdbc/3.3.0-SNAPSHOT/spring-boot-starter-jdbc-3.3.0-SNAPSHOT.jar:/Users/khunsoemoeaung/.m2/repository/com/zaxxer/HikariCP/5.1.0/HikariCP-5.1.0.jar:/Users/khunsoemoeaung/.m2/repository/org/springframework/spring-jdbc/6.1.6/spring-jdbc-6.1.6.jar:/Users/khunsoemoeaung/.m2/repository/org/hibernate/orm/hibernate-core/6.5.0.CR2/hibernate-core-6.5.0.CR2.jar:/Users/khunsoemoeaung/.m2/repository/jakarta/persistence/jakarta.persistence-api/3.1.0/jakarta.persistence-api-3.1.0.jar:/Users/khunsoemoeaung/.m2/repository/jakarta/transaction/jakarta.transaction-api/2.0.1/jakarta.transaction-api-2.0.1.jar:/Users/khunsoemoeaung/.m2/repository/org/jboss/logging/jboss-logging/3.5.3.Final/jboss-logging-3.5.3.Final.jar:/Users/khunsoemoeaung/.m2/repository/org/hibernate/common/hibernate-commons-annotations/6.0.6.Final/hibernate-commons-annotations-6.0.6.Final.jar:/Users/khunsoemoeaung/.m2/repository/io/smallrye/jandex/3.1.2/jandex-3.1.2.jar:/Users/khunsoemoeaung/.m2/repository/com/fasterxml/classmate/1.7.0/classmate-1.7.0.jar:/Users/khunsoemoeaung/.m2/repository/net/bytebuddy/byte-buddy/1.14.13/byte-buddy-1.14.13.jar:/Users/khunsoemoeaung/.m2/repository/org/glassfish/jaxb/jaxb-runtime/4.0.5/jaxb-runtime-4.0.5.jar:/Users/khunsoemoeaung/.m2/repository/org/glassfish/jaxb/jaxb-core/4.0.5/jaxb-core-4.0.5.jar:/Users/khunsoemoeaung/.m2/repository/org/eclipse/angus/angus-activation/2.0.2/angus-activation-2.0.2.jar:/Users/khunsoemoeaung/.m2/repository/org/glassfish/jaxb/txw2/4.0.5/txw2-4.0.5.jar:/Users/khunsoemoeaung/.m2/repository/com/sun/istack/istack-commons-runtime/4.1.2/istack-commons-runtime-4.1.2.jar:/Users/khunsoemoeaung/.m2/repository/jakarta/inject/jakarta.inject-api/2.0.1/jakarta.inject-api-2.0.1.jar:/Users/khunsoemoeaung/.m2/repository/org/antlr/antlr4-runtime/4.13.0/antlr4-runtime-4.13.0.jar:/Users/khunsoemoeaung/.m2/repository/org/springframework/data/spring-data-jpa/3.3.0-RC1/spring-data-jpa-3.3.0-RC1.jar:/Users/khunsoemoeaung/.m2/repository/org/springframework/data/spring-data-commons/3.3.0-RC1/spring-data-commons-3.3.0-RC1.jar:/Users/khunsoemoeaung/.m2/repository/org/springframework/spring-orm/6.1.6/spring-orm-6.1.6.jar:/Users/khunsoemoeaung/.m2/repository/org/springframework/spring-context/6.1.6/spring-context-6.1.6.jar:/Users/khunsoemoeaung/.m2/repository/org/springframework/spring-tx/6.1.6/spring-tx-6.1.6.jar:/Users/khunsoemoeaung/.m2/repository/org/springframework/spring-beans/6.1.6/spring-beans-6.1.6.jar:/Users/khunsoemoeaung/.m2/repository/jakarta/annotation/jakarta.annotation-api/2.1.1/jakarta.annotation-api-2.1.1.jar:/Users/khunsoemoeaung/.m2/repository/org/slf4j/slf4j-api/2.0.13/slf4j-api-2.0.13.jar:/Users/khunsoemoeaung/.m2/repository/org/springframework/spring-aspects/6.1.6/spring-aspects-6.1.6.jar:/Users/khunsoemoeaung/.m2/repository/org/springframework/boot/spring-boot-starter-validation/3.3.0-SNAPSHOT/spring-boot-starter-validation-3.3.0-SNAPSHOT.jar:/Users/khunsoemoeaung/.m2/repository/org/springframework/boot/spring-boot-starter/3.3.0-SNAPSHOT/spring-boot-starter-3.3.0-SNAPSHOT.jar:/Users/khunsoemoeaung/.m2/repository/org/springframework/boot/spring-boot-starter-logging/3.3.0-SNAPSHOT/spring-boot-starter-logging-3.3.0-SNAPSHOT.jar:/Users/khunsoemoeaung/.m2/repository/ch/qos/logback/logback-classic/1.5.6/logback-classic-1.5.6.jar:/Users/khunsoemoeaung/.m2/repository/ch/qos/logback/logback-core/1.5.6/logback-core-1.5.6.jar:/Users/khunsoemoeaung/.m2/repository/org/apache/logging/log4j/log4j-to-slf4j/2.23.1/log4j-to-slf4j-2.23.1.jar:/Users/khunsoemoeaung/.m2/repository/org/apache/logging/log4j/log4j-api/2.23.1/log4j-api-2.23.1.jar:/Users/khunsoemoeaung/.m2/repository/org/slf4j/jul-to-slf4j/2.0.13/jul-to-slf4j-2.0.13.jar:/Users/khunsoemoeaung/.m2/repository/org/yaml/snakeyaml/2.2/snakeyaml-2.2.jar:/Users/khunsoemoeaung/.m2/repository/org/apache/tomcat/embed/tomcat-embed-el/10.1.20/tomcat-embed-el-10.1.20.jar:/Users/khunsoemoeaung/.m2/repository/org/hibernate/validator/hibernate-validator/8.0.1.Final/hibernate-validator-8.0.1.Final.jar:/Users/khunsoemoeaung/.m2/repository/jakarta/validation/jakarta.validation-api/3.0.2/jakarta.validation-api-3.0.2.jar:/Users/khunsoemoeaung/.m2/repository/org/springframework/boot/spring-boot-starter-web/3.3.0-SNAPSHOT/spring-boot-starter-web-3.3.0-SNAPSHOT.jar:/Users/khunsoemoeaung/.m2/repository/org/springframework/boot/spring-boot-starter-json/3.3.0-SNAPSHOT/spring-boot-starter-json-3.3.0-SNAPSHOT.jar:/Users/khunsoemoeaung/.m2/repository/com/fasterxml/jackson/core/jackson-databind/2.17.0/jackson-databind-2.17.0.jar:/Users/khunsoemoeaung/.m2/repository/com/fasterxml/jackson/core/jackson-annotations/2.17.0/jackson-annotations-2.17.0.jar:/Users/khunsoemoeaung/.m2/repository/com/fasterxml/jackson/core/jackson-core/2.17.0/jackson-core-2.17.0.jar:/Users/khunsoemoeaung/.m2/repository/com/fasterxml/jackson/datatype/jackson-datatype-jdk8/2.17.0/jackson-datatype-jdk8-2.17.0.jar:/Users/khunsoemoeaung/.m2/repository/com/fasterxml/jackson/datatype/jackson-datatype-jsr310/2.17.0/jackson-datatype-jsr310-2.17.0.jar:/Users/khunsoemoeaung/.m2/repository/com/fasterxml/jackson/module/jackson-module-parameter-names/2.17.0/jackson-module-parameter-names-2.17.0.jar:/Users/khunsoemoeaung/.m2/repository/org/springframework/boot/spring-boot-starter-tomcat/3.3.0-SNAPSHOT/spring-boot-starter-tomcat-3.3.0-SNAPSHOT.jar:/Users/khunsoemoeaung/.m2/repository/org/apache/tomcat/embed/tomcat-embed-core/10.1.20/tomcat-embed-core-10.1.20.jar:/Users/khunsoemoeaung/.m2/repository/org/apache/tomcat/embed/tomcat-embed-websocket/10.1.20/tomcat-embed-websocket-10.1.20.jar:/Users/khunsoemoeaung/.m2/repository/org/springframework/spring-web/6.1.6/spring-web-6.1.6.jar:/Users/khunsoemoeaung/.m2/repository/io/micrometer/micrometer-observation/1.13.0-RC1/micrometer-observation-1.13.0-RC1.jar:/Users/khunsoemoeaung/.m2/repository/io/micrometer/micrometer-commons/1.13.0-RC1/micrometer-commons-1.13.0-RC1.jar:/Users/khunsoemoeaung/.m2/repository/org/springframework/spring-webmvc/6.1.6/spring-webmvc-6.1.6.jar:/Users/khunsoemoeaung/.m2/repository/org/springframework/spring-expression/6.1.6/spring-expression-6.1.6.jar:/Users/khunsoemoeaung/.m2/repository/org/springframework/boot/spring-boot-devtools/3.3.0-SNAPSHOT/spring-boot-devtools-3.3.0-SNAPSHOT.jar:/Users/khunsoemoeaung/.m2/repository/org/springframework/boot/spring-boot/3.3.0-SNAPSHOT/spring-boot-3.3.0-SNAPSHOT.jar:/Users/khunsoemoeaung/.m2/repository/org/springframework/boot/spring-boot-autoconfigure/3.3.0-SNAPSHOT/spring-boot-autoconfigure-3.3.0-SNAPSHOT.jar:/Users/khunsoemoeaung/.m2/repository/com/mysql/mysql-connector-j/8.3.0/mysql-connector-j-8.3.0.jar:/Users/khunsoemoeaung/.m2/repository/org/projectlombok/lombok/1.18.32/lombok-1.18.32.jar:/Users/khunsoemoeaung/.m2/repository/org/springframework/boot/spring-boot-starter-test/3.3.0-SNAPSHOT/spring-boot-starter-test-3.3.0-SNAPSHOT.jar:/Users/khunsoemoeaung/.m2/repository/org/springframework/boot/spring-boot-test/3.3.0-SNAPSHOT/spring-boot-test-3.3.0-SNAPSHOT.jar:/Users/khunsoemoeaung/.m2/repository/org/springframework/boot/spring-boot-test-autoconfigure/3.3.0-SNAPSHOT/spring-boot-test-autoconfigure-3.3.0-SNAPSHOT.jar:/Users/khunsoemoeaung/.m2/repository/com/jayway/jsonpath/json-path/2.9.0/json-path-2.9.0.jar:/Users/khunsoemoeaung/.m2/repository/jakarta/xml/bind/jakarta.xml.bind-api/4.0.2/jakarta.xml.bind-api-4.0.2.jar:/Users/khunsoemoeaung/.m2/repository/jakarta/activation/jakarta.activation-api/2.1.3/jakarta.activation-api-2.1.3.jar:/Users/khunsoemoeaung/.m2/repository/net/minidev/json-smart/2.5.1/json-smart-2.5.1.jar:/Users/khunsoemoeaung/.m2/repository/net/minidev/accessors-smart/2.5.1/accessors-smart-2.5.1.jar:/Users/khunsoemoeaung/.m2/repository/org/ow2/asm/asm/9.6/asm-9.6.jar:/Users/khunsoemoeaung/.m2/repository/org/assertj/assertj-core/3.25.3/assertj-core-3.25.3.jar:/Users/khunsoemoeaung/.m2/repository/org/awaitility/awaitility/4.2.1/awaitility-4.2.1.jar:/Users/khunsoemoeaung/.m2/repository/org/hamcrest/hamcrest/2.2/hamcrest-2.2.jar:/Users/khunsoemoeaung/.m2/repository/org/junit/jupiter/junit-jupiter/5.10.2/junit-jupiter-5.10.2.jar:/Users/khunsoemoeaung/.m2/repository/org/junit/jupiter/junit-jupiter-api/5.10.2/junit-jupiter-api-5.10.2.jar:/Users/khunsoemoeaung/.m2/repository/org/opentest4j/opentest4j/1.3.0/opentest4j-1.3.0.jar:/Users/khunsoemoeaung/.m2/repository/org/junit/platform/junit-platform-commons/1.10.2/junit-platform-commons-1.10.2.jar:/Users/khunsoemoeaung/.m2/repository/org/apiguardian/apiguardian-api/1.1.2/apiguardian-api-1.1.2.jar:/Users/khunsoemoeaung/.m2/repository/org/junit/jupiter/junit-jupiter-params/5.10.2/junit-jupiter-params-5.10.2.jar:/Users/khunsoemoeaung/.m2/repository/org/junit/jupiter/junit-jupiter-engine/5.10.2/junit-jupiter-engine-5.10.2.jar:/Users/khunsoemoeaung/.m2/repository/org/junit/platform/junit-platform-engine/1.10.2/junit-platform-engine-1.10.2.jar:/Users/khunsoemoeaung/.m2/repository/org/mockito/mockito-core/5.11.0/mockito-core-5.11.0.jar:/Users/khunsoemoeaung/.m2/repository/net/bytebuddy/byte-buddy-agent/1.14.13/byte-buddy-agent-1.14.13.jar:/Users/khunsoemoeaung/.m2/repository/org/objenesis/objenesis/3.3/objenesis-3.3.jar:/Users/khunsoemoeaung/.m2/repository/org/mockito/mockito-junit-jupiter/5.11.0/mockito-junit-jupiter-5.11.0.jar:/Users/khunsoemoeaung/.m2/repository/org/skyscreamer/jsonassert/1.5.1/jsonassert-1.5.1.jar:/Users/khunsoemoeaung/.m2/repository/com/vaadin/external/google/android-json/0.0.20131108.vaadin1/android-json-0.0.20131108.vaadin1.jar:/Users/khunsoemoeaung/.m2/repository/org/springframework/spring-core/6.1.6/spring-core-6.1.6.jar:/Users/khunsoemoeaung/.m2/repository/org/springframework/spring-jcl/6.1.6/spring-jcl-6.1.6.jar:/Users/khunsoemoeaung/.m2/repository/org/springframework/spring-test/6.1.6/spring-test-6.1.6.jar:/Users/khunsoemoeaung/.m2/repository/org/xmlunit/xmlunit-core/2.9.1/xmlunit-core-2.9.1.jar:"/>
    <property name="sun.cpu.endian" value="little"/>
    <property name="user.home" value="/Users/khunsoemoeaung"/>
    <property name="user.language" value="en"/>
    <property name="java.specification.vendor" value="Oracle Corporation"/>
    <property name="java.version.date" value="2024-01-16"/>
    <property name="java.home" value="/opt/homebrew/Cellar/openjdk/21.0.2/libexec/openjdk.jdk/Contents/Home"/>
    <property name="file.separator" value="/"/>
    <property name="basedir" value="/Users/khunsoemoeaung/Documents/02_MIU/CS-489 Applied Software Development/CS-489-appsd/Lab 10"/>
    <property name="java.vm.compressedOopsMode" value="Zero based"/>
    <property name="line.separator" value="&#10;"/>
    <property name="java.vm.specification.vendor" value="Oracle Corporation"/>
    <property name="java.specification.name" value="Java Platform API Specification"/>
    <property name="FILE_LOG_CHARSET" value="UTF-8"/>
    <property name="java.awt.headless" value="true"/>
    <property name="apple.awt.application.name" value="ForkedBooter"/>
    <property name="surefire.real.class.path" value="/Users/khunsoemoeaung/Documents/02_MIU/CS-489 Applied Software Development/CS-489-appsd/Lab 10/target/surefire/surefirebooter-20240418134506525_3.jar"/>
    <property name="sun.management.compiler" value="HotSpot 64-Bit Tiered Compilers"/>
    <property name="ftp.nonProxyHosts" value="local|*.local|169.254/16|*.169.254/16"/>
    <property name="java.runtime.version" value="21.0.2"/>
    <property name="user.name" value="khunsoemoeaung"/>
    <property name="stdout.encoding" value="UTF-8"/>
    <property name="path.separator" value=":"/>
    <property name="os.version" value="14.4.1"/>
    <property name="java.runtime.name" value="OpenJDK Runtime Environment"/>
    <property name="file.encoding" value="UTF-8"/>
    <property name="java.vm.name" value="OpenJDK 64-Bit Server VM"/>
    <property name="java.vendor.version" value="Homebrew"/>
    <property name="localRepository" value="/Users/khunsoemoeaung/.m2/repository"/>
    <property name="java.vendor.url.bug" value="https://github.com/Homebrew/homebrew-core/issues"/>
    <property name="java.io.tmpdir" value="/var/folders/zx/528p6pgj5fl2c530ygn1mzv00000gn/T/"/>
    <property name="com.zaxxer.hikari.pool_number" value="1"/>
    <property name="java.version" value="21.0.2"/>
    <property name="user.dir" value="/Users/khunsoemoeaung/Documents/02_MIU/CS-489 Applied Software Development/CS-489-appsd/Lab 10"/>
    <property name="os.arch" value="aarch64"/>
    <property name="java.vm.specification.name" value="Java Virtual Machine Specification"/>
    <property name="PID" value="23311"/>
    <property name="CONSOLE_LOG_CHARSET" value="UTF-8"/>
    <property name="native.encoding" value="UTF-8"/>
    <property name="java.library.path" value="/Users/khunsoemoeaung/Library/Java/Extensions:/Library/Java/Extensions:/Network/Library/Java/Extensions:/System/Library/Java/Extensions:/usr/lib/java:."/>
    <property name="java.vm.info" value="mixed mode, sharing"/>
    <property name="stderr.encoding" value="UTF-8"/>
    <property name="java.vendor" value="Homebrew"/>
    <property name="java.vm.version" value="21.0.2"/>
    <property name="sun.io.unicode.encoding" value="UnicodeBig"/>
    <property name="socksNonProxyHosts" value="local|*.local|169.254/16|*.169.254/16"/>
    <property name="java.class.version" value="65.0"/>
    <property name="LOGGED_APPLICATION_NAME" value="[adssysem] "/>
  </properties>
  <testcase name="contextLoads" classname="edu.cs489.adssysem.AdssysemApplicationTests" time="0.329">
    <system-out><![CDATA[13:45:06.947 [main] INFO org.springframework.test.context.support.AnnotationConfigContextLoaderUtils -- Could not detect default configuration classes for test class [edu.cs489.adssysem.AdssysemApplicationTests]: AdssysemApplicationTests does not declare any static, non-private, non-final, nested classes annotated with @Configuration.
13:45:06.996 [main] INFO org.springframework.boot.test.context.SpringBootTestContextBootstrapper -- Found @SpringBootConfiguration edu.cs489.adssysem.AdssysemApplication for test class edu.cs489.adssysem.AdssysemApplicationTests
13:45:07.068 [main] INFO org.springframework.boot.devtools.restart.RestartApplicationListener -- Restart disabled due to context in which it is running
2024-04-18T13:45:07.189-05:00  INFO 23311 --- [adssysem] [           main] e.c.adssysem.AdssysemApplicationTests    : Starting AdssysemApplicationTests using Java 21.0.2 with PID 23311 (started by khunsoemoeaung in /Users/khunsoemoeaung/Documents/02_MIU/CS-489 Applied Software Development/CS-489-appsd/Lab 10)
2024-04-18T13:45:07.196-05:00  INFO 23311 --- [adssysem] [           main] e.c.adssysem.AdssysemApplicationTests    : No active profile set, falling back to 1 default profile: "default"
2024-04-18T13:45:07.502-05:00  INFO 23311 --- [adssysem] [           main] .s.d.r.c.RepositoryConfigurationDelegate : Bootstrapping Spring Data JPA repositories in DEFAULT mode.
2024-04-18T13:45:07.540-05:00  INFO 23311 --- [adssysem] [           main] .s.d.r.c.RepositoryConfigurationDelegate : Finished Spring Data repository scanning in 34 ms. Found 7 JPA repository interfaces.
2024-04-18T13:45:07.754-05:00  INFO 23311 --- [adssysem] [           main] o.hibernate.jpa.internal.util.LogHelper  : HHH000204: Processing PersistenceUnitInfo [name: default]
2024-04-18T13:45:07.777-05:00  INFO 23311 --- [adssysem] [           main] org.hibernate.Version                    : HHH000412: Hibernate ORM core version 6.5.0.CR2
2024-04-18T13:45:07.790-05:00  INFO 23311 --- [adssysem] [           main] o.h.c.internal.RegionFactoryInitiator    : HHH000026: Second-level cache disabled
2024-04-18T13:45:07.906-05:00  INFO 23311 --- [adssysem] [           main] o.s.o.j.p.SpringPersistenceUnitInfo      : No LoadTimeWeaver setup: ignoring JPA class transformer
2024-04-18T13:45:07.913-05:00  WARN 23311 --- [adssysem] [           main] org.hibernate.orm.deprecation            : HHH90000021: Encountered deprecated setting [hibernate.temp.use_jdbc_metadata_defaults], use [hibernate.boot.allow_jdbc_metadata_access] instead
2024-04-18T13:45:07.920-05:00  WARN 23311 --- [adssysem] [           main] org.hibernate.orm.deprecation            : HHH90000025: MySQLDialect does not need to be specified explicitly using 'hibernate.dialect' (remove the property setting and it will be selected by default)
2024-04-18T13:45:08.435-05:00  INFO 23311 --- [adssysem] [           main] o.h.e.t.j.p.i.JtaPlatformInitiator       : HHH000489: No JTA platform available (set 'hibernate.transaction.jta.platform' to enable JTA platform integration)
2024-04-18T13:45:08.444-05:00  INFO 23311 --- [adssysem] [           main] com.zaxxer.hikari.HikariDataSource       : HikariPool-1 - Starting...
2024-04-18T13:45:08.658-05:00  INFO 23311 --- [adssysem] [           main] com.zaxxer.hikari.pool.HikariPool        : HikariPool-1 - Added connection com.mysql.cj.jdbc.ConnectionImpl@43e2b8da
2024-04-18T13:45:08.659-05:00  INFO 23311 --- [adssysem] [           main] com.zaxxer.hikari.HikariDataSource       : HikariPool-1 - Start completed.
2024-04-18T13:45:08.764-05:00  INFO 23311 --- [adssysem] [           main] j.LocalContainerEntityManagerFactoryBean : Initialized JPA EntityManagerFactory for persistence unit 'default'
2024-04-18T13:45:09.015-05:00  WARN 23311 --- [adssysem] [           main] JpaBaseConfiguration$JpaWebConfiguration : spring.jpa.open-in-view is enabled by default. Therefore, database queries may be performed during view rendering. Explicitly configure spring.jpa.open-in-view to disable this warning
2024-04-18T13:45:09.213-05:00  INFO 23311 --- [adssysem] [           main] e.c.adssysem.AdssysemApplicationTests    : Started AdssysemApplicationTests in 2.153 seconds (process running for 2.644)
]]></system-out>
    <system-err><![CDATA[WARNING: A Java agent has been loaded dynamically (/Users/khunsoemoeaung/.m2/repository/net/bytebuddy/byte-buddy-agent/1.14.13/byte-buddy-agent-1.14.13.jar)
WARNING: If a serviceability tool is in use, please run with -XX:+EnableDynamicAgentLoading to hide this warning
WARNING: If a serviceability tool is not in use, please run with -Djdk.instrument.traceUsage for more information
WARNING: Dynamic loading of agents will be disallowed by default in a future release
]]></system-err>
  </testcase>
</testsuite>